[debug] [2019-05-24T00:50:23.707Z] ----------------------------------------------------------------------
[debug] [2019-05-24T00:50:23.717Z] Command:       C:\Program Files\nodejs\node.exe C:\Users\JFR\AppData\Roaming\npm\node_modules\firebase-tools\lib\bin\firebase.js serve
[debug] [2019-05-24T00:50:23.718Z] CLI Version:   6.10.0
[debug] [2019-05-24T00:50:23.718Z] Platform:      win32
[debug] [2019-05-24T00:50:23.718Z] Node Version:  v11.8.0
[debug] [2019-05-24T00:50:23.880Z] Time:          Thu May 23 2019 20:50:23 GMT-0400 (GMT-04:00)
[debug] [2019-05-24T00:50:23.880Z] ----------------------------------------------------------------------
[debug] 
[debug] [2019-05-24T00:50:24.003Z] > command requires scopes: ["email","openid","https://www.googleapis.com/auth/cloudplatformprojects.readonly","https://www.googleapis.com/auth/firebase","https://www.googleapis.com/auth/cloud-platform"]
[debug] [2019-05-24T00:50:24.004Z] > authorizing via signed-in user
[debug] [2019-05-24T00:50:24.005Z] [iam] checking project hackaton-registro-visitantes for permissions ["firebase.projects.get"]
[debug] [2019-05-24T00:50:24.011Z] > refreshing access token with scopes: ["email","https://www.googleapis.com/auth/cloud-platform","https://www.googleapis.com/auth/cloudplatformprojects.readonly","https://www.googleapis.com/auth/firebase","openid"]
[debug] [2019-05-24T00:50:24.012Z] >>> HTTP REQUEST POST https://www.googleapis.com/oauth2/v3/token  
 <request body omitted>
[debug] [2019-05-24T00:50:24.343Z] <<< HTTP RESPONSE 200
[debug] [2019-05-24T00:50:24.374Z] >>> HTTP REQUEST POST https://cloudresourcemanager.googleapis.com/v1/projects/hackaton-registro-visitantes:testIamPermissions  

[debug] [2019-05-24T00:50:25.445Z] <<< HTTP RESPONSE 200
[debug] [2019-05-24T00:50:25.448Z] >>> HTTP REQUEST GET https://cloudresourcemanager.googleapis.com/v1/projects/hackaton-registro-visitantes  
 
[debug] [2019-05-24T00:50:26.515Z] <<< HTTP RESPONSE 200
[info] 
[info] === Serving from 'C:\Users\JFR\Documents\laboratoria\SCL008-Hackaton-Registro-Visitantes'...
[info] 
[debug] [2019-05-24T00:50:26.583Z] >>> HTTP REQUEST GET https://mobilesdk-pa.googleapis.com/v1/projects/193966524440/clients/_:getWebAppConfig  
 
[debug] [2019-05-24T00:50:26.991Z] <<< HTTP RESPONSE 200
[info] i  hosting: Serving hosting files from: src
[info] +  hosting: Local server: http://localhost:5000
[debug] [2019-05-24T01:57:03.642Z] ----------------------------------------------------------------------
[debug] [2019-05-24T01:57:03.648Z] Command:       C:\Program Files\nodejs\node.exe C:\Users\JFR\AppData\Roaming\npm\node_modules\firebase-tools\lib\bin\firebase.js serve
[debug] [2019-05-24T01:57:03.648Z] CLI Version:   6.10.0
[debug] [2019-05-24T01:57:03.648Z] Platform:      win32
[debug] [2019-05-24T01:57:03.648Z] Node Version:  v11.8.0
[debug] [2019-05-24T01:57:03.650Z] Time:          Thu May 23 2019 21:57:03 GMT-0400 (GMT-04:00)
[debug] [2019-05-24T01:57:03.650Z] ----------------------------------------------------------------------
[debug] 
[debug] [2019-05-24T01:57:03.940Z] > command requires scopes: ["email","openid","https://www.googleapis.com/auth/cloudplatformprojects.readonly","https://www.googleapis.com/auth/firebase","https://www.googleapis.com/auth/cloud-platform"]
[debug] [2019-05-24T01:57:03.942Z] > authorizing via signed-in user
[debug] [2019-05-24T01:57:03.943Z] [iam] checking project hackaton-registro-visitantes for permissions ["firebase.projects.get"]
[debug] [2019-05-24T01:57:03.947Z] > refreshing access token with scopes: ["email","https://www.googleapis.com/auth/cloud-platform","https://www.googleapis.com/auth/cloudplatformprojects.readonly","https://www.googleapis.com/auth/firebase","openid"]
[debug] [2019-05-24T01:57:03.948Z] >>> HTTP REQUEST POST https://www.googleapis.com/oauth2/v3/token  
 <request body omitted>
[debug] [2019-05-24T01:57:04.197Z] <<< HTTP RESPONSE 200
[debug] [2019-05-24T01:57:04.247Z] >>> HTTP REQUEST POST https://cloudresourcemanager.googleapis.com/v1/projects/hackaton-registro-visitantes:testIamPermissions  

[debug] [2019-05-24T01:57:05.306Z] <<< HTTP RESPONSE 200
[debug] [2019-05-24T01:57:05.310Z] >>> HTTP REQUEST GET https://cloudresourcemanager.googleapis.com/v1/projects/hackaton-registro-visitantes  
 
[debug] [2019-05-24T01:57:06.393Z] <<< HTTP RESPONSE 200
[info] 
[info] === Serving from 'c:\Users\JFR\Documents\laboratoria\SCL008-Hackaton-Registro-Visitantes'...
[info] 
[debug] [2019-05-24T01:57:06.402Z] >>> HTTP REQUEST GET https://mobilesdk-pa.googleapis.com/v1/projects/193966524440/clients/_:getWebAppConfig  
 
[debug] [2019-05-24T01:57:06.883Z] <<< HTTP RESPONSE 200
[info] i  hosting: Serving hosting files from: src
[info] +  hosting: Local server: http://localhost:5000
